<?xml version="1.0" encoding="UTF-8"?>
<testng-results skipped="0" failed="0" total="1" passed="1">
  <reporter-output>
  </reporter-output>
  <suite name="SteviaTest" duration-ms="27684" started-at="2017-08-25T00:52:06Z" finished-at="2017-08-25T00:52:34Z">
    <groups>
    </groups>
    <test name="Test Google Search using Firefox WebDriver" duration-ms="27684" started-at="2017-08-25T00:52:06Z" finished-at="2017-08-25T00:52:34Z">
      <class name="qa.tests.AmazonTest">
        <test-method status="PASS" signature="configureSuiteSettings(org.testng.ITestContext)[pri:0, instance:qa.tests.AmazonTest@2de8284b]" name="configureSuiteSettings" is-config="true" duration-ms="7384" started-at="2017-08-25T03:51:59Z" finished-at="2017-08-25T03:52:06Z">
          <params>
            <param index="0">
              <value>
                <![CDATA[org.testng.TestRunner@1c4ee95c]]>
              </value>
            </param>
          </params>
          <reporter-output>
          </reporter-output>
        </test-method> <!-- configureSuiteSettings -->
        <test-method status="PASS" signature="springTestContextPrepareTestInstance()[pri:0, instance:qa.tests.AmazonTest@2de8284b]" name="springTestContextPrepareTestInstance" is-config="true" duration-ms="8" started-at="2017-08-25T03:52:06Z" finished-at="2017-08-25T03:52:06Z">
          <reporter-output>
          </reporter-output>
        </test-method> <!-- springTestContextPrepareTestInstance -->
        <test-method status="PASS" signature="contextInitBeforeTest(org.testng.ITestContext)[pri:0, instance:qa.tests.AmazonTest@2de8284b]" name="contextInitBeforeTest" is-config="true" duration-ms="7007" started-at="2017-08-25T03:52:06Z" finished-at="2017-08-25T03:52:13Z">
          <params>
            <param index="0">
              <value>
                <![CDATA[org.testng.TestRunner@1c4ee95c]]>
              </value>
            </param>
          </params>
          <reporter-output>
          </reporter-output>
        </test-method> <!-- contextInitBeforeTest -->
        <test-method status="PASS" signature="springTestContextPrepareTestInstance()[pri:0, instance:qa.tests.AmazonTest@2de8284b]" name="springTestContextPrepareTestInstance" is-config="true" duration-ms="5" started-at="2017-08-25T03:52:13Z" finished-at="2017-08-25T03:52:13Z">
          <reporter-output>
          </reporter-output>
        </test-method> <!-- springTestContextPrepareTestInstance -->
        <test-method status="PASS" signature="springTestContextBeforeTestClass()[pri:0, instance:qa.tests.AmazonTest@2de8284b]" name="springTestContextBeforeTestClass" is-config="true" duration-ms="3" started-at="2017-08-25T03:52:13Z" finished-at="2017-08-25T03:52:13Z">
          <reporter-output>
          </reporter-output>
        </test-method> <!-- springTestContextBeforeTestClass -->
        <test-method status="PASS" signature="contextInitBeforeClass(org.testng.ITestContext)[pri:0, instance:qa.tests.AmazonTest@2de8284b]" name="contextInitBeforeClass" is-config="true" duration-ms="4" started-at="2017-08-25T03:52:13Z" finished-at="2017-08-25T03:52:13Z">
          <params>
            <param index="0">
              <value>
                <![CDATA[org.testng.TestRunner@1c4ee95c]]>
              </value>
            </param>
          </params>
          <reporter-output>
          </reporter-output>
        </test-method> <!-- contextInitBeforeClass -->
        <test-method status="PASS" signature="springTestContextPrepareTestInstance()[pri:0, instance:qa.tests.AmazonTest@2de8284b]" name="springTestContextPrepareTestInstance" is-config="true" duration-ms="4" started-at="2017-08-25T03:52:13Z" finished-at="2017-08-25T03:52:13Z">
          <reporter-output>
          </reporter-output>
        </test-method> <!-- springTestContextPrepareTestInstance -->
        <test-method status="PASS" signature="springTestContextBeforeTestMethod(java.lang.reflect.Method)[pri:0, instance:qa.tests.AmazonTest@2de8284b]" name="springTestContextBeforeTestMethod" is-config="true" duration-ms="8" started-at="2017-08-25T03:52:13Z" finished-at="2017-08-25T03:52:13Z">
          <params>
            <param index="0">
              <value>
                <![CDATA[public void qa.tests.AmazonTest.searchPersadoInGoogle() throws java.lang.Exception]]>
              </value>
            </param>
          </params>
          <reporter-output>
          </reporter-output>
        </test-method> <!-- springTestContextBeforeTestMethod -->
        <test-method status="PASS" signature="contextInitBeforeMethod(org.testng.ITestContext)[pri:0, instance:qa.tests.AmazonTest@2de8284b]" name="contextInitBeforeMethod" is-config="true" duration-ms="4" started-at="2017-08-25T03:52:13Z" finished-at="2017-08-25T03:52:13Z">
          <params>
            <param index="0">
              <value>
                <![CDATA[org.testng.TestRunner@1c4ee95c]]>
              </value>
            </param>
          </params>
          <reporter-output>
          </reporter-output>
        </test-method> <!-- contextInitBeforeMethod -->
        <test-method status="PASS" signature="searchPersadoInGoogle()[pri:0, instance:qa.tests.AmazonTest@2de8284b]" name="searchPersadoInGoogle" duration-ms="19981" started-at="2017-08-25T03:52:13Z" finished-at="2017-08-25T03:52:33Z">
          <reporter-output>
          </reporter-output>
        </test-method> <!-- searchPersadoInGoogle -->
        <test-method status="PASS" signature="cleanContextOnMethod(org.testng.ITestContext)[pri:0, instance:qa.tests.AmazonTest@2de8284b]" name="cleanContextOnMethod" is-config="true" duration-ms="4" started-at="2017-08-25T03:52:33Z" finished-at="2017-08-25T03:52:33Z">
          <params>
            <param index="0">
              <value>
                <![CDATA[org.testng.TestRunner@1c4ee95c]]>
              </value>
            </param>
          </params>
          <reporter-output>
          </reporter-output>
        </test-method> <!-- cleanContextOnMethod -->
        <test-method status="PASS" signature="springTestContextAfterTestMethod(java.lang.reflect.Method)[pri:0, instance:qa.tests.AmazonTest@2de8284b]" name="springTestContextAfterTestMethod" is-config="true" duration-ms="4" started-at="2017-08-25T03:52:33Z" finished-at="2017-08-25T03:52:33Z">
          <params>
            <param index="0">
              <value>
                <![CDATA[public void qa.tests.AmazonTest.searchPersadoInGoogle() throws java.lang.Exception]]>
              </value>
            </param>
          </params>
          <reporter-output>
          </reporter-output>
        </test-method> <!-- springTestContextAfterTestMethod -->
        <test-method status="PASS" signature="afterClassClean(org.testng.ITestContext)[pri:0, instance:qa.tests.AmazonTest@2de8284b]" name="afterClassClean" is-config="true" duration-ms="5" started-at="2017-08-25T03:52:33Z" finished-at="2017-08-25T03:52:33Z">
          <params>
            <param index="0">
              <value>
                <![CDATA[org.testng.TestRunner@1c4ee95c]]>
              </value>
            </param>
          </params>
          <reporter-output>
          </reporter-output>
        </test-method> <!-- afterClassClean -->
        <test-method status="PASS" signature="springTestContextAfterTestClass()[pri:0, instance:qa.tests.AmazonTest@2de8284b]" name="springTestContextAfterTestClass" is-config="true" duration-ms="5" started-at="2017-08-25T03:52:33Z" finished-at="2017-08-25T03:52:33Z">
          <reporter-output>
          </reporter-output>
        </test-method> <!-- springTestContextAfterTestClass -->
        <test-method status="PASS" signature="cleanContextOnTest(org.testng.ITestContext)[pri:0, instance:qa.tests.AmazonTest@2de8284b]" name="cleanContextOnTest" is-config="true" duration-ms="126" started-at="2017-08-25T03:52:33Z" finished-at="2017-08-25T03:52:34Z">
          <params>
            <param index="0">
              <value>
                <![CDATA[org.testng.TestRunner@1c4ee95c]]>
              </value>
            </param>
          </params>
          <reporter-output>
          </reporter-output>
        </test-method> <!-- cleanContextOnTest -->
      </class> <!-- qa.tests.AmazonTest -->
    </test> <!-- Test Google Search using Firefox WebDriver -->
  </suite> <!-- SteviaTest -->
</testng-results>
